2025-07-04 21:26:12,160 - websockets.server - INFO - server listening on [::1]:8765
2025-07-04 21:26:12,162 - websockets.server - INFO - server listening on 127.0.0.1:8765
2025-07-04 21:26:12,163 - src.system.websocket_server - INFO - WebSocket server started on ws://localhost:8765
2025-07-04 21:26:12,166 - src.system.websocket_server - INFO - Server configuration:
2025-07-04 21:26:12,169 - src.system.websocket_server - INFO - - Ping interval: 20s
2025-07-04 21:26:12,172 - src.system.websocket_server - INFO - - Ping timeout: 10s
2025-07-04 21:26:12,179 - src.system.websocket_server - INFO - - Close timeout: 5s
2025-07-04 21:26:12,182 - src.system.websocket_server - INFO - - Max message size: 10MB
2025-07-04 21:26:12,185 - src.system.websocket_server - INFO - - Max queue size: 32 messages
2025-07-04 21:26:31,660 - websockets.server - INFO - connection open
2025-07-04 21:26:31,661 - src.system.websocket_server - INFO - Client registered. Total clients: 1
2025-07-04 21:26:31,666 - src.system.websocket_server - INFO - New client connected [ID: 2671964880000]
2025-07-04 21:30:07,405 - src.system.websocket_server - ERROR - Failed to start WebSocket server: [Errno 10048] error while attempting to bind on address ('127.0.0.1', 8765): [winerror 10048] only one usage of each socket address (protocol/network address/port) is normally permitted
2025-07-04 21:30:07,408 - src.system.websocket_server - ERROR - Port already in use. Make sure no other instance is running.
2025-07-04 21:30:07,410 - __main__ - ERROR - Error: [Errno 10048] error while attempting to bind on address ('127.0.0.1', 8765): [winerror 10048] only one usage of each socket address (protocol/network address/port) is normally permitted
2025-07-04 21:30:07,411 - __main__ - INFO - Shutting down...
2025-07-04 21:30:20,142 - src.system.websocket_server - INFO - Client unregistered. Total clients: 0
2025-07-04 21:30:20,942 - websockets.server - INFO - connection open
2025-07-04 21:30:20,943 - src.system.websocket_server - INFO - Client registered. Total clients: 1
2025-07-04 21:30:20,946 - src.system.websocket_server - INFO - New client connected [ID: 2671972638768]
2025-07-04 22:15:27,565 - websockets.server - INFO - server listening on 127.0.0.1:8765
2025-07-04 22:15:27,565 - websockets.server - INFO - server listening on [::1]:8765
2025-07-04 22:15:27,566 - src.system.websocket_server - INFO - WebSocket server started on ws://localhost:8765
2025-07-04 22:15:27,566 - src.system.websocket_server - INFO - Server configuration:
2025-07-04 22:15:27,567 - src.system.websocket_server - INFO - - Ping interval: 20s
2025-07-04 22:15:27,568 - src.system.websocket_server - INFO - - Ping timeout: 10s
2025-07-04 22:15:27,569 - src.system.websocket_server - INFO - - Close timeout: 5s
2025-07-04 22:15:27,571 - src.system.websocket_server - INFO - - Max message size: 10MB
2025-07-04 22:15:27,572 - src.system.websocket_server - INFO - - Max queue size: 32 messages
2025-07-04 22:15:40,407 - websockets.server - INFO - connection open
2025-07-04 22:15:40,408 - src.system.websocket_server - INFO - Client registered. Total clients: 1
2025-07-04 22:15:40,410 - src.system.websocket_server - INFO - New client connected [ID: 2527587302288]
2025-07-04 22:25:54,659 - __main__ - INFO - Received signal 2, shutting down...
2025-07-04 22:25:54,660 - __main__ - INFO - Received signal 2, shutting down...
2025-07-04 22:25:54,663 - __main__ - INFO - Shutting down...
2025-07-04 22:25:54,665 - src.system.websocket_server - INFO - Client unregistered. Total clients: 0
2025-07-04 22:25:54,667 - websockets.server - INFO - server closing
2025-07-04 22:25:54,783 - __main__ - INFO - Received signal 2, shutting down...
2025-07-04 22:25:54,786 - __main__ - INFO - Received signal 2, shutting down...
2025-07-04 22:25:54,787 - __main__ - INFO - Received signal 2, shutting down...
2025-07-04 22:25:54,788 - __main__ - INFO - Received signal 2, shutting down...
2025-07-04 22:25:54,791 - __main__ - INFO - Received signal 2, shutting down...
2025-07-04 22:25:54,793 - __main__ - INFO - Received signal 2, shutting down...
2025-07-04 22:25:54,917 - asyncio - ERROR - Task was destroyed but it is pending!
task: <Task pending name='Task-8' coro=<Server._close() running at D:\Development\ConsoleApp\venv\Lib\site-packages\websockets\asyncio\server.py:463> wait_for=<Future pending cb=[Task.task_wakeup()]>>
2025-07-04 22:25:54,919 - asyncio - ERROR - Task was destroyed but it is pending!
task: <Task cancelling name='Task-1' coro=<main() done, defined at D:\Development\ConsoleApp\app.py:180> wait_for=<Future pending cb=[shield.<locals>._outer_done_callback() at C:\Python312\Lib\asyncio\tasks.py:922, Task.task_wakeup()]> cb=[gather.<locals>._done_callback() at C:\Python312\Lib\asyncio\tasks.py:767]>
